This is pdfTeX, Version 3.14159265-2.6-1.40.21 (TeX Live 2020/Arch Linux) (preloaded format=pdflatex 2021.4.17)  18 APR 2021 16:32
entering extended mode
 restricted \write18 enabled.
 %&-line parsing enabled.
**MOPS_April_18_2021.tex
(./MOPS_April_18_2021.tex
LaTeX2e <2020-10-01> patch level 2
L3 programming layer <2020-12-03> xparse <2020-03-03>
(/usr/share/texmf-dist/tex/latex/base/article.cls
Document Class: article 2020/04/10 v1.4m Standard LaTeX document class
(/usr/share/texmf-dist/tex/latex/base/size12.clo
File: size12.clo 2020/04/10 v1.4m Standard LaTeX file (size option)
)
\c@part=\count177
\c@section=\count178
\c@subsection=\count179
\c@subsubsection=\count180
\c@paragraph=\count181
\c@subparagraph=\count182
\c@figure=\count183
\c@table=\count184
\abovecaptionskip=\skip47
\belowcaptionskip=\skip48
\bibindent=\dimen138
)
(/usr/share/texmf-dist/tex/latex/natbib/natbib.sty
Package: natbib 2010/09/13 8.31b (PWD, AO)
\bibhang=\skip49
\bibsep=\skip50
LaTeX Info: Redefining \cite on input line 694.
\c@NAT@ctr=\count185
)
(/usr/share/texmf-dist/tex/latex/hyperref/hyperref.sty
Package: hyperref 2020-05-15 v7.00e Hypertext links for LaTeX

(/usr/share/texmf-dist/tex/generic/ltxcmds/ltxcmds.sty
Package: ltxcmds 2020-05-10 v1.25 LaTeX kernel commands for general use (HO)
)
(/usr/share/texmf-dist/tex/generic/iftex/iftex.sty
Package: iftex 2020/03/06 v1.0d TeX engine tests
)
(/usr/share/texmf-dist/tex/generic/pdftexcmds/pdftexcmds.sty
Package: pdftexcmds 2020-06-27 v0.33 Utility functions of pdfTeX for LuaTeX (HO
)

(/usr/share/texmf-dist/tex/generic/infwarerr/infwarerr.sty
Package: infwarerr 2019/12/03 v1.5 Providing info/warning/error messages (HO)
)
Package pdftexcmds Info: \pdf@primitive is available.
Package pdftexcmds Info: \pdf@ifprimitive is available.
Package pdftexcmds Info: \pdfdraftmode found.
)
(/usr/share/texmf-dist/tex/latex/graphics/keyval.sty
Package: keyval 2014/10/28 v1.15 key=value parser (DPC)
\KV@toks@=\toks15
)
(/usr/share/texmf-dist/tex/generic/kvsetkeys/kvsetkeys.sty
Package: kvsetkeys 2019/12/15 v1.18 Key value parser (HO)
)
(/usr/share/texmf-dist/tex/generic/kvdefinekeys/kvdefinekeys.sty
Package: kvdefinekeys 2019-12-19 v1.6 Define keys (HO)
)
(/usr/share/texmf-dist/tex/generic/pdfescape/pdfescape.sty
Package: pdfescape 2019/12/09 v1.15 Implements pdfTeX's escape features (HO)
)
(/usr/share/texmf-dist/tex/latex/hycolor/hycolor.sty
Package: hycolor 2020-01-27 v1.10 Color options for hyperref/bookmark (HO)
)
(/usr/share/texmf-dist/tex/latex/letltxmacro/letltxmacro.sty
Package: letltxmacro 2019/12/03 v1.6 Let assignment for LaTeX macros (HO)
)
(/usr/share/texmf-dist/tex/latex/auxhook/auxhook.sty
Package: auxhook 2019-12-17 v1.6 Hooks for auxiliary files (HO)
)
(/usr/share/texmf-dist/tex/latex/kvoptions/kvoptions.sty
Package: kvoptions 2020-10-07 v3.14 Key value format for package options (HO)
)
\@linkdim=\dimen139
\Hy@linkcounter=\count186
\Hy@pagecounter=\count187

(/usr/share/texmf-dist/tex/latex/hyperref/pd1enc.def
File: pd1enc.def 2020-05-15 v7.00e Hyperref: PDFDocEncoding definition (HO)
Now handling font encoding PD1 ...
... no UTF-8 mapping file for font encoding PD1
)
(/usr/share/texmf-dist/tex/generic/intcalc/intcalc.sty
Package: intcalc 2019/12/15 v1.3 Expandable calculations with integers (HO)
)
(/usr/share/texmf-dist/tex/generic/etexcmds/etexcmds.sty
Package: etexcmds 2019/12/15 v1.7 Avoid name clashes with e-TeX commands (HO)
)
\Hy@SavedSpaceFactor=\count188
Package hyperref Info: Option `colorlinks' set `true' on input line 4338.
Package hyperref Info: Option `breaklinks' set `true' on input line 4338.
Package hyperref Info: Hyper figures OFF on input line 4464.
Package hyperref Info: Link nesting OFF on input line 4469.
Package hyperref Info: Hyper index ON on input line 4472.
Package hyperref Info: Plain pages OFF on input line 4479.
Package hyperref Info: Backreferencing OFF on input line 4484.
Package hyperref Info: Implicit mode ON; LaTeX internals redefined.
Package hyperref Info: Bookmarks ON on input line 4717.
\c@Hy@tempcnt=\count189

(/usr/share/texmf-dist/tex/latex/url/url.sty
\Urlmuskip=\muskip16
Package: url 2013/09/16  ver 3.4  Verb mode for urls, etc.
)
LaTeX Info: Redefining \url on input line 5076.
\XeTeXLinkMargin=\dimen140

(/usr/share/texmf-dist/tex/generic/bitset/bitset.sty
Package: bitset 2019/12/09 v1.3 Handle bit-vector datatype (HO)

(/usr/share/texmf-dist/tex/generic/bigintcalc/bigintcalc.sty
Package: bigintcalc 2019/12/15 v1.5 Expandable calculations on big integers (HO
)
))
\Fld@menulength=\count190
\Field@Width=\dimen141
\Fld@charsize=\dimen142
Package hyperref Info: Hyper figures OFF on input line 6347.
Package hyperref Info: Link nesting OFF on input line 6352.
Package hyperref Info: Hyper index ON on input line 6355.
Package hyperref Info: backreferencing OFF on input line 6362.
Package hyperref Info: Link coloring ON on input line 6365.
Package hyperref Info: Link coloring with OCG OFF on input line 6372.
Package hyperref Info: PDF/A mode OFF on input line 6377.
LaTeX Info: Redefining \ref on input line 6417.
LaTeX Info: Redefining \pageref on input line 6421.

(/usr/share/texmf-dist/tex/latex/base/atbegshi-ltx.sty
Package: atbegshi-ltx 2020/08/17 v1.0a Emulation of the original atbegshi packa
ge
with kernel methods
)
\Hy@abspage=\count191
\c@Item=\count192
\c@Hfootnote=\count193
)
Package hyperref Info: Driver (autodetected): hpdftex.

(/usr/share/texmf-dist/tex/latex/hyperref/hpdftex.def
File: hpdftex.def 2020-05-15 v7.00e Hyperref driver for pdfTeX

(/usr/share/texmf-dist/tex/latex/base/atveryend-ltx.sty
Package: atveryend-ltx 2020/08/19 v1.0a Emulation of the original atvery packag
e
with kernel methods
)
\Fld@listcount=\count194
\c@bookmark@seq@number=\count195

(/usr/share/texmf-dist/tex/latex/rerunfilecheck/rerunfilecheck.sty
Package: rerunfilecheck 2019/12/05 v1.9 Rerun checks for auxiliary files (HO)

(/usr/share/texmf-dist/tex/generic/uniquecounter/uniquecounter.sty
Package: uniquecounter 2019/12/15 v1.4 Provide unlimited unique counter (HO)
)
Package uniquecounter Info: New unique counter `rerunfilecheck' on input line 2
86.
)
\Hy@SectionHShift=\skip51
)
(/usr/share/texmf-dist/tex/latex/graphics/graphicx.sty
Package: graphicx 2020/09/09 v1.2b Enhanced LaTeX Graphics (DPC,SPQR)

(/usr/share/texmf-dist/tex/latex/graphics/graphics.sty
Package: graphics 2020/08/30 v1.4c Standard LaTeX Graphics (DPC,SPQR)

(/usr/share/texmf-dist/tex/latex/graphics/trig.sty
Package: trig 2016/01/03 v1.10 sin cos tan (DPC)
)
(/usr/share/texmf-dist/tex/latex/graphics-cfg/graphics.cfg
File: graphics.cfg 2016/06/04 v1.11 sample graphics configuration
)
Package graphics Info: Driver file: pdftex.def on input line 105.

(/usr/share/texmf-dist/tex/latex/graphics-def/pdftex.def
File: pdftex.def 2020/10/05 v1.2a Graphics/color driver for pdftex
))
\Gin@req@height=\dimen143
\Gin@req@width=\dimen144
)
(/usr/share/texmf-dist/tex/latex/amsfonts/amssymb.sty
Package: amssymb 2013/01/14 v3.01 AMS font symbols

(/usr/share/texmf-dist/tex/latex/amsfonts/amsfonts.sty
Package: amsfonts 2013/01/14 v3.01 Basic AMSFonts support
\@emptytoks=\toks16
\symAMSa=\mathgroup4
\symAMSb=\mathgroup5
LaTeX Font Info:    Redeclaring math symbol \hbar on input line 98.
LaTeX Font Info:    Overwriting math alphabet `\mathfrak' in version `bold'
(Font)                  U/euf/m/n --> U/euf/b/n on input line 106.
))
(/usr/share/texmf-dist/tex/latex/amsmath/amsmath.sty
Package: amsmath 2020/09/23 v2.17i AMS math features
\@mathmargin=\skip52

For additional information on amsmath, use the `?' option.
(/usr/share/texmf-dist/tex/latex/amsmath/amstext.sty
Package: amstext 2000/06/29 v2.01 AMS text

(/usr/share/texmf-dist/tex/latex/amsmath/amsgen.sty
File: amsgen.sty 1999/11/30 v2.0 generic functions
\@emptytoks=\toks17
\ex@=\dimen145
))
(/usr/share/texmf-dist/tex/latex/amsmath/amsbsy.sty
Package: amsbsy 1999/11/29 v1.2d Bold Symbols
\pmbraise@=\dimen146
)
(/usr/share/texmf-dist/tex/latex/amsmath/amsopn.sty
Package: amsopn 2016/03/08 v2.02 operator names
)
\inf@bad=\count196
LaTeX Info: Redefining \frac on input line 234.
\uproot@=\count197
\leftroot@=\count198
LaTeX Info: Redefining \overline on input line 399.
\classnum@=\count199
\DOTSCASE@=\count266
LaTeX Info: Redefining \ldots on input line 496.
LaTeX Info: Redefining \dots on input line 499.
LaTeX Info: Redefining \cdots on input line 620.
\Mathstrutbox@=\box47
\strutbox@=\box48
\big@size=\dimen147
LaTeX Font Info:    Redeclaring font encoding OML on input line 743.
LaTeX Font Info:    Redeclaring font encoding OMS on input line 744.
\macc@depth=\count267
\c@MaxMatrixCols=\count268
\dotsspace@=\muskip17
\c@parentequation=\count269
\dspbrk@lvl=\count270
\tag@help=\toks18
\row@=\count271
\column@=\count272
\maxfields@=\count273
\andhelp@=\toks19
\eqnshift@=\dimen148
\alignsep@=\dimen149
\tagshift@=\dimen150
\tagwidth@=\dimen151
\totwidth@=\dimen152
\lineht@=\dimen153
\@envbody=\toks20
\multlinegap=\skip53
\multlinetaggap=\skip54
\mathdisplay@stack=\toks21
LaTeX Info: Redefining \[ on input line 2923.
LaTeX Info: Redefining \] on input line 2924.
)
(/usr/share/texmf-dist/tex/latex/psnfss/times.sty
Package: times 2020/03/25 PSNFSS-v9.3 (SPQR) 
)
(/usr/share/texmf-dist/tex/latex/tools/bm.sty
Package: bm 2019/07/24 v1.2d Bold Symbol Support (DPC/FMi)
\symboldoperators=\mathgroup6
\symboldletters=\mathgroup7
\symboldsymbols=\mathgroup8
LaTeX Font Info:    Redeclaring math alphabet \mathbf on input line 141.
LaTeX Info: Redefining \bm on input line 209.
)
(/usr/share/texmf-dist/tex/latex/listings/listings.sty
\lst@mode=\count274
\lst@gtempboxa=\box49
\lst@token=\toks22
\lst@length=\count275
\lst@currlwidth=\dimen154
\lst@column=\count276
\lst@pos=\count277
\lst@lostspace=\dimen155
\lst@width=\dimen156
\lst@newlines=\count278
\lst@lineno=\count279
\lst@maxwidth=\dimen157

(/usr/share/texmf-dist/tex/latex/listings/lstmisc.sty
File: lstmisc.sty 2020/03/24 1.8d (Carsten Heinz)
\c@lstnumber=\count280
\lst@skipnumbers=\count281
\lst@framebox=\box50
)
(/usr/share/texmf-dist/tex/latex/listings/listings.cfg
File: listings.cfg 2020/03/24 1.8d listings configuration
))
Package: listings 2020/03/24 1.8d (Carsten Heinz)

(/usr/share/texmf-dist/tex/latex/xcolor/xcolor.sty
Package: xcolor 2016/05/11 v2.12 LaTeX color extensions (UK)

(/usr/share/texmf-dist/tex/latex/graphics-cfg/color.cfg
File: color.cfg 2016/01/02 v1.6 sample color configuration
)
Package xcolor Info: Driver file: pdftex.def on input line 225.
Package xcolor Info: Model `cmy' substituted by `cmy0' on input line 1348.
Package xcolor Info: Model `hsb' substituted by `rgb' on input line 1352.
Package xcolor Info: Model `RGB' extended on input line 1364.
Package xcolor Info: Model `HTML' substituted by `rgb' on input line 1366.
Package xcolor Info: Model `Hsb' substituted by `hsb' on input line 1367.
Package xcolor Info: Model `tHsb' substituted by `hsb' on input line 1368.
Package xcolor Info: Model `HSB' substituted by `hsb' on input line 1369.
Package xcolor Info: Model `Gray' substituted by `gray' on input line 1370.
Package xcolor Info: Model `wave' substituted by `hsb' on input line 1371.

(/usr/share/texmf-dist/tex/latex/xcolor/svgnam.def
File: svgnam.def 2016/05/11 v2.12 Predefined colors according to SVG 1.1 (UK)
))
(/usr/share/texmf-dist/tex/latex/float/float.sty
Package: float 2001/11/08 v1.3d Float enhancements (AL)
\c@float@type=\count282
\float@exts=\toks23
\float@box=\box51
\@float@everytoks=\toks24
\@floatcapt=\box52
)
(/usr/share/texmf-dist/tex/latex/listings/lstlang1.sty
File: lstlang1.sty 2020/03/24 1.8d listings language file
)
(/usr/share/texmf-dist/tex/latex/tools/enumerate.sty
Package: enumerate 2015/07/23 v3.00 enumerate extensions (DPC)
\@enLab=\toks25
)
LaTeX Font Info:    Trying to load font information for OT1+ptm on input line 1
30.

(/usr/share/texmf-dist/tex/latex/psnfss/ot1ptm.fd
File: ot1ptm.fd 2001/06/04 font definitions for OT1/ptm.
)
(/usr/share/texmf-dist/tex/latex/l3backend/l3backend-pdftex.def
File: l3backend-pdftex.def 2020-09-24 L3 backend support: PDF output (pdfTeX)
\l__kernel_color_stack_int=\count283
\l__pdf_internal_box=\box53
)
(./MOPS_April_18_2021.aux)
LaTeX Font Info:    Checking defaults for OML/cmm/m/it on input line 130.
LaTeX Font Info:    ... okay on input line 130.
LaTeX Font Info:    Checking defaults for OMS/cmsy/m/n on input line 130.
LaTeX Font Info:    ... okay on input line 130.
LaTeX Font Info:    Checking defaults for OT1/cmr/m/n on input line 130.
LaTeX Font Info:    ... okay on input line 130.
LaTeX Font Info:    Checking defaults for T1/cmr/m/n on input line 130.
LaTeX Font Info:    ... okay on input line 130.
LaTeX Font Info:    Checking defaults for TS1/cmr/m/n on input line 130.
LaTeX Font Info:    ... okay on input line 130.
LaTeX Font Info:    Checking defaults for OMX/cmex/m/n on input line 130.
LaTeX Font Info:    ... okay on input line 130.
LaTeX Font Info:    Checking defaults for U/cmr/m/n on input line 130.
LaTeX Font Info:    ... okay on input line 130.
LaTeX Font Info:    Checking defaults for PD1/pdf/m/n on input line 130.
LaTeX Font Info:    ... okay on input line 130.
Package hyperref Info: Link coloring ON on input line 130.

(/usr/share/texmf-dist/tex/latex/hyperref/nameref.sty
Package: nameref 2019/09/16 v2.46 Cross-referencing by name of section

(/usr/share/texmf-dist/tex/latex/refcount/refcount.sty
Package: refcount 2019/12/15 v3.6 Data extraction from label references (HO)
)
(/usr/share/texmf-dist/tex/generic/gettitlestring/gettitlestring.sty
Package: gettitlestring 2019/12/15 v1.6 Cleanup title references (HO)
)
\c@section@level=\count284
)
LaTeX Info: Redefining \ref on input line 130.
LaTeX Info: Redefining \pageref on input line 130.
LaTeX Info: Redefining \nameref on input line 130.

(./MOPS_April_18_2021.out) (./MOPS_April_18_2021.out)
\@outlinefile=\write3

(/usr/share/texmf-dist/tex/context/base/mkii/supp-pdf.mkii
[Loading MPS to PDF converter (version 2006.09.02).]
\scratchcounter=\count285
\scratchdimen=\dimen158
\scratchbox=\box54
\nofMPsegments=\count286
\nofMParguments=\count287
\everyMPshowfont=\toks26
\MPscratchCnt=\count288
\MPscratchDim=\dimen159
\MPnumerator=\count289
\makeMPintoPDFobject=\count290
\everyMPtoPDFconversion=\toks27
) (/usr/share/texmf-dist/tex/latex/epstopdf-pkg/epstopdf-base.sty
Package: epstopdf-base 2020-01-24 v2.11 Base part for package epstopdf
Package epstopdf-base Info: Redefining graphics rule for `.eps' on input line 4
85.

(/usr/share/texmf-dist/tex/latex/latexconfig/epstopdf-sys.cfg
File: epstopdf-sys.cfg 2010/07/13 v1.3 Configuration of (r)epstopdf for TeX Liv
e
))
\c@lstlisting=\count291
LaTeX Font Info:    Trying to load font information for U+msa on input line 132
.

(/usr/share/texmf-dist/tex/latex/amsfonts/umsa.fd
File: umsa.fd 2013/01/14 v3.01 AMS symbols A
)
LaTeX Font Info:    Trying to load font information for U+msb on input line 132
.

(/usr/share/texmf-dist/tex/latex/amsfonts/umsb.fd
File: umsb.fd 2013/01/14 v3.01 AMS symbols B
)
Underfull \hbox (badness 10000) in paragraph at lines 136--144

 []

[1

{/var/lib/texmf/fonts/map/pdftex/updmap/pdftex.map}] [2] [3] [4]
Package epstopdf Info: Source file: <fdp_MOTPW_variando_theta.eps>
(epstopdf)                    date: 2021-04-02 11:10:27
(epstopdf)                    size: 11268 bytes
(epstopdf)             Output file: <fdp_MOTPW_variando_theta-eps-converted-to.
pdf>
(epstopdf)                    date: 2021-04-17 17:56:28
(epstopdf)                    size: 5270 bytes
(epstopdf)             Command: <repstopdf --outfile=fdp_MOTPW_variando_theta-e
ps-converted-to.pdf fdp_MOTPW_variando_theta.eps>
(epstopdf)             \includegraphics on input line 320.
Package epstopdf Info: Output file is already uptodate.


pdfTeX warning: /usr/bin/pdflatex (file ./fdp_MOTPW_variando_theta-eps-converte
d-to.pdf): PDF inclusion: found PDF version <1.7>, but at most version <1.5> al
lowed
<fdp_MOTPW_variando_theta-eps-converted-to.pdf, id=151, 491.8375pt x 491.8375pt
>
File: fdp_MOTPW_variando_theta-eps-converted-to.pdf Graphic file (type pdf)
<use fdp_MOTPW_variando_theta-eps-converted-to.pdf>
Package pdftex.def Info: fdp_MOTPW_variando_theta-eps-converted-to.pdf  used on
 input line 320.
(pdftex.def)             Requested size: 99.58153pt x 156.49063pt.
Package epstopdf Info: Source file: <fda_MOTPW_variando_theta.eps>
(epstopdf)                    date: 2021-04-02 11:09:44
(epstopdf)                    size: 11004 bytes
(epstopdf)             Output file: <fda_MOTPW_variando_theta-eps-converted-to.
pdf>
(epstopdf)                    date: 2021-04-17 17:56:29
(epstopdf)                    size: 5133 bytes
(epstopdf)             Command: <repstopdf --outfile=fda_MOTPW_variando_theta-e
ps-converted-to.pdf fda_MOTPW_variando_theta.eps>
(epstopdf)             \includegraphics on input line 321.
Package epstopdf Info: Output file is already uptodate.


pdfTeX warning: /usr/bin/pdflatex (file ./fda_MOTPW_variando_theta-eps-converte
d-to.pdf): PDF inclusion: found PDF version <1.7>, but at most version <1.5> al
lowed
<fda_MOTPW_variando_theta-eps-converted-to.pdf, id=152, 491.8375pt x 491.8375pt
>
File: fda_MOTPW_variando_theta-eps-converted-to.pdf Graphic file (type pdf)
<use fda_MOTPW_variando_theta-eps-converted-to.pdf>
Package pdftex.def Info: fda_MOTPW_variando_theta-eps-converted-to.pdf  used on
 input line 321.
(pdftex.def)             Requested size: 99.58153pt x 156.49063pt.
Package epstopdf Info: Source file: <fdp_MOTPW_variando_alpha.eps>
(epstopdf)                    date: 2021-04-02 11:09:04
(epstopdf)                    size: 11653 bytes
(epstopdf)             Output file: <fdp_MOTPW_variando_alpha-eps-converted-to.
pdf>
(epstopdf)                    date: 2021-04-17 17:56:29
(epstopdf)                    size: 5910 bytes
(epstopdf)             Command: <repstopdf --outfile=fdp_MOTPW_variando_alpha-e
ps-converted-to.pdf fdp_MOTPW_variando_alpha.eps>
(epstopdf)             \includegraphics on input line 322.
Package epstopdf Info: Output file is already uptodate.


pdfTeX warning: /usr/bin/pdflatex (file ./fdp_MOTPW_variando_alpha-eps-converte
d-to.pdf): PDF inclusion: found PDF version <1.7>, but at most version <1.5> al
lowed
<fdp_MOTPW_variando_alpha-eps-converted-to.pdf, id=153, 491.8375pt x 491.8375pt
>
File: fdp_MOTPW_variando_alpha-eps-converted-to.pdf Graphic file (type pdf)
<use fdp_MOTPW_variando_alpha-eps-converted-to.pdf>
Package pdftex.def Info: fdp_MOTPW_variando_alpha-eps-converted-to.pdf  used on
 input line 322.
(pdftex.def)             Requested size: 99.58153pt x 156.49063pt.
Package epstopdf Info: Source file: <fda_MOTPW_variando_alpha.eps>
(epstopdf)                    date: 2021-04-02 11:08:18
(epstopdf)                    size: 11350 bytes
(epstopdf)             Output file: <fda_MOTPW_variando_alpha-eps-converted-to.
pdf>
(epstopdf)                    date: 2021-04-17 17:56:30
(epstopdf)                    size: 5803 bytes
(epstopdf)             Command: <repstopdf --outfile=fda_MOTPW_variando_alpha-e
ps-converted-to.pdf fda_MOTPW_variando_alpha.eps>
(epstopdf)             \includegraphics on input line 323.
Package epstopdf Info: Output file is already uptodate.


pdfTeX warning: /usr/bin/pdflatex (file ./fda_MOTPW_variando_alpha-eps-converte
d-to.pdf): PDF inclusion: found PDF version <1.7>, but at most version <1.5> al
lowed
<fda_MOTPW_variando_alpha-eps-converted-to.pdf, id=154, 491.8375pt x 491.8375pt
>
File: fda_MOTPW_variando_alpha-eps-converted-to.pdf Graphic file (type pdf)
<use fda_MOTPW_variando_alpha-eps-converted-to.pdf>
Package pdftex.def Info: fda_MOTPW_variando_alpha-eps-converted-to.pdf  used on
 input line 323.
(pdftex.def)             Requested size: 99.58153pt x 156.49063pt.
Package epstopdf Info: Source file: <fdp_MOGBXII_variando_theta.eps>
(epstopdf)                    date: 2021-04-02 11:28:51
(epstopdf)                    size: 11784 bytes
(epstopdf)             Output file: <fdp_MOGBXII_variando_theta-eps-converted-t
o.pdf>
(epstopdf)                    date: 2021-04-17 17:56:31
(epstopdf)                    size: 5874 bytes
(epstopdf)             Command: <repstopdf --outfile=fdp_MOGBXII_variando_theta
-eps-converted-to.pdf fdp_MOGBXII_variando_theta.eps>
(epstopdf)             \includegraphics on input line 334.
Package epstopdf Info: Output file is already uptodate.


pdfTeX warning: /usr/bin/pdflatex (file ./fdp_MOGBXII_variando_theta-eps-conver
ted-to.pdf): PDF inclusion: found PDF version <1.7>, but at most version <1.5> 
allowed
<fdp_MOGBXII_variando_theta-eps-converted-to.pdf, id=155, 491.8375pt x 491.8375
pt>
File: fdp_MOGBXII_variando_theta-eps-converted-to.pdf Graphic file (type pdf)
<use fdp_MOGBXII_variando_theta-eps-converted-to.pdf>
Package pdftex.def Info: fdp_MOGBXII_variando_theta-eps-converted-to.pdf  used 
on input line 334.
(pdftex.def)             Requested size: 99.58153pt x 156.49063pt.
Package epstopdf Info: Source file: <fda_MOGBXII_variando_theta.eps>
(epstopdf)                    date: 2021-04-02 11:27:54
(epstopdf)                    size: 11480 bytes
(epstopdf)             Output file: <fda_MOGBXII_variando_theta-eps-converted-t
o.pdf>
(epstopdf)                    date: 2021-04-17 17:56:32
(epstopdf)                    size: 5899 bytes
(epstopdf)             Command: <repstopdf --outfile=fda_MOGBXII_variando_theta
-eps-converted-to.pdf fda_MOGBXII_variando_theta.eps>
(epstopdf)             \includegraphics on input line 335.
Package epstopdf Info: Output file is already uptodate.


pdfTeX warning: /usr/bin/pdflatex (file ./fda_MOGBXII_variando_theta-eps-conver
ted-to.pdf): PDF inclusion: found PDF version <1.7>, but at most version <1.5> 
allowed
<fda_MOGBXII_variando_theta-eps-converted-to.pdf, id=156, 491.8375pt x 491.8375
pt>
File: fda_MOGBXII_variando_theta-eps-converted-to.pdf Graphic file (type pdf)
<use fda_MOGBXII_variando_theta-eps-converted-to.pdf>
Package pdftex.def Info: fda_MOGBXII_variando_theta-eps-converted-to.pdf  used 
on input line 335.
(pdftex.def)             Requested size: 99.58153pt x 156.49063pt.
Package epstopdf Info: Source file: <fdp_MOGBXII_variando_alpha.eps>
(epstopdf)                    date: 2021-04-02 11:26:44
(epstopdf)                    size: 11776 bytes
(epstopdf)             Output file: <fdp_MOGBXII_variando_alpha-eps-converted-t
o.pdf>
(epstopdf)                    date: 2021-04-17 17:56:33
(epstopdf)                    size: 5919 bytes
(epstopdf)             Command: <repstopdf --outfile=fdp_MOGBXII_variando_alpha
-eps-converted-to.pdf fdp_MOGBXII_variando_alpha.eps>
(epstopdf)             \includegraphics on input line 336.
Package epstopdf Info: Output file is already uptodate.


pdfTeX warning: /usr/bin/pdflatex (file ./fdp_MOGBXII_variando_alpha-eps-conver
ted-to.pdf): PDF inclusion: found PDF version <1.7>, but at most version <1.5> 
allowed
<fdp_MOGBXII_variando_alpha-eps-converted-to.pdf, id=157, 491.8375pt x 491.8375
pt>
File: fdp_MOGBXII_variando_alpha-eps-converted-to.pdf Graphic file (type pdf)
<use fdp_MOGBXII_variando_alpha-eps-converted-to.pdf>
Package pdftex.def Info: fdp_MOGBXII_variando_alpha-eps-converted-to.pdf  used 
on input line 336.
(pdftex.def)             Requested size: 99.58153pt x 156.49063pt.
Package epstopdf Info: Source file: <fda_MOGBXII_variando_alpha.eps>
(epstopdf)                    date: 2021-04-02 11:25:08
(epstopdf)                    size: 11485 bytes
(epstopdf)             Output file: <fda_MOGBXII_variando_alpha-eps-converted-t
o.pdf>
(epstopdf)                    date: 2021-04-17 17:56:34
(epstopdf)                    size: 5851 bytes
(epstopdf)             Command: <repstopdf --outfile=fda_MOGBXII_variando_alpha
-eps-converted-to.pdf fda_MOGBXII_variando_alpha.eps>
(epstopdf)             \includegraphics on input line 337.
Package epstopdf Info: Output file is already uptodate.


pdfTeX warning: /usr/bin/pdflatex (file ./fda_MOGBXII_variando_alpha-eps-conver
ted-to.pdf): PDF inclusion: found PDF version <1.7>, but at most version <1.5> 
allowed
<fda_MOGBXII_variando_alpha-eps-converted-to.pdf, id=158, 491.8375pt x 491.8375
pt>
File: fda_MOGBXII_variando_alpha-eps-converted-to.pdf Graphic file (type pdf)
<use fda_MOGBXII_variando_alpha-eps-converted-to.pdf>
Package pdftex.def Info: fda_MOGBXII_variando_alpha-eps-converted-to.pdf  used 
on input line 337.
(pdftex.def)             Requested size: 99.58153pt x 156.49063pt.
Package epstopdf Info: Source file: <hrf_MOTPW_variando_theta_e_alpha.eps>
(epstopdf)                    date: 2021-04-17 11:32:48
(epstopdf)                    size: 13286 bytes
(epstopdf)             Output file: <hrf_MOTPW_variando_theta_e_alpha-eps-conve
rted-to.pdf>
(epstopdf)                    date: 2021-04-17 17:56:34
(epstopdf)                    size: 6002 bytes
(epstopdf)             Command: <repstopdf --outfile=hrf_MOTPW_variando_theta_e
_alpha-eps-converted-to.pdf hrf_MOTPW_variando_theta_e_alpha.eps>
(epstopdf)             \includegraphics on input line 349.
Package epstopdf Info: Output file is already uptodate.


pdfTeX warning: /usr/bin/pdflatex (file ./hrf_MOTPW_variando_theta_e_alpha-eps-
converted-to.pdf): PDF inclusion: found PDF version <1.7>, but at most version 
<1.5> allowed
<hrf_MOTPW_variando_theta_e_alpha-eps-converted-to.pdf, id=159, 491.8375pt x 49
1.8375pt>
File: hrf_MOTPW_variando_theta_e_alpha-eps-converted-to.pdf Graphic file (type 
pdf)
<use hrf_MOTPW_variando_theta_e_alpha-eps-converted-to.pdf>
Package pdftex.def Info: hrf_MOTPW_variando_theta_e_alpha-eps-converted-to.pdf 
 used on input line 349.
(pdftex.def)             Requested size: 99.58153pt x 156.49063pt.
Package epstopdf Info: Source file: <hrf_MOTPW_variando_theta.eps>
(epstopdf)                    date: 2021-04-17 11:37:16
(epstopdf)                    size: 13084 bytes
(epstopdf)             Output file: <hrf_MOTPW_variando_theta-eps-converted-to.
pdf>
(epstopdf)                    date: 2021-04-17 17:56:35
(epstopdf)                    size: 5885 bytes
(epstopdf)             Command: <repstopdf --outfile=hrf_MOTPW_variando_theta-e
ps-converted-to.pdf hrf_MOTPW_variando_theta.eps>
(epstopdf)             \includegraphics on input line 350.
Package epstopdf Info: Output file is already uptodate.


pdfTeX warning: /usr/bin/pdflatex (file ./hrf_MOTPW_variando_theta-eps-converte
d-to.pdf): PDF inclusion: found PDF version <1.7>, but at most version <1.5> al
lowed
<hrf_MOTPW_variando_theta-eps-converted-to.pdf, id=160, 491.8375pt x 491.8375pt
>
File: hrf_MOTPW_variando_theta-eps-converted-to.pdf Graphic file (type pdf)
<use hrf_MOTPW_variando_theta-eps-converted-to.pdf>
Package pdftex.def Info: hrf_MOTPW_variando_theta-eps-converted-to.pdf  used on
 input line 350.
(pdftex.def)             Requested size: 99.58153pt x 156.49063pt.
Package epstopdf Info: Source file: <hrf_MOTPW_variando_alpha.eps>
(epstopdf)                    date: 2021-04-17 11:38:01
(epstopdf)                    size: 13100 bytes
(epstopdf)             Output file: <hrf_MOTPW_variando_alpha-eps-converted-to.
pdf>
(epstopdf)                    date: 2021-04-17 17:56:36
(epstopdf)                    size: 5789 bytes
(epstopdf)             Command: <repstopdf --outfile=hrf_MOTPW_variando_alpha-e
ps-converted-to.pdf hrf_MOTPW_variando_alpha.eps>
(epstopdf)             \includegraphics on input line 351.
Package epstopdf Info: Output file is already uptodate.


pdfTeX warning: /usr/bin/pdflatex (file ./hrf_MOTPW_variando_alpha-eps-converte
d-to.pdf): PDF inclusion: found PDF version <1.7>, but at most version <1.5> al
lowed
<hrf_MOTPW_variando_alpha-eps-converted-to.pdf, id=161, 491.8375pt x 491.8375pt
>
File: hrf_MOTPW_variando_alpha-eps-converted-to.pdf Graphic file (type pdf)
<use hrf_MOTPW_variando_alpha-eps-converted-to.pdf>
Package pdftex.def Info: hrf_MOTPW_variando_alpha-eps-converted-to.pdf  used on
 input line 351.
(pdftex.def)             Requested size: 99.58153pt x 156.49063pt.
Package epstopdf Info: Source file: <hrf_MOTPW_variando_lambda.eps>
(epstopdf)                    date: 2021-04-17 11:38:40
(epstopdf)                    size: 13512 bytes
(epstopdf)             Output file: <hrf_MOTPW_variando_lambda-eps-converted-to
.pdf>
(epstopdf)                    date: 2021-04-17 17:56:37
(epstopdf)                    size: 5954 bytes
(epstopdf)             Command: <repstopdf --outfile=hrf_MOTPW_variando_lambda-
eps-converted-to.pdf hrf_MOTPW_variando_lambda.eps>
(epstopdf)             \includegraphics on input line 352.
Package epstopdf Info: Output file is already uptodate.


pdfTeX warning: /usr/bin/pdflatex (file ./hrf_MOTPW_variando_lambda-eps-convert
ed-to.pdf): PDF inclusion: found PDF version <1.7>, but at most version <1.5> a
llowed
<hrf_MOTPW_variando_lambda-eps-converted-to.pdf, id=162, 491.8375pt x 491.8375p
t>
File: hrf_MOTPW_variando_lambda-eps-converted-to.pdf Graphic file (type pdf)
<use hrf_MOTPW_variando_lambda-eps-converted-to.pdf>
Package pdftex.def Info: hrf_MOTPW_variando_lambda-eps-converted-to.pdf  used o
n input line 352.
(pdftex.def)             Requested size: 99.58153pt x 156.49063pt.
Package epstopdf Info: Source file: <hrf_MOTPW_variando_beta.eps>
(epstopdf)                    date: 2021-04-17 11:39:15
(epstopdf)                    size: 13449 bytes
(epstopdf)             Output file: <hrf_MOTPW_variando_beta-eps-converted-to.p
df>
(epstopdf)                    date: 2021-04-17 17:56:38
(epstopdf)                    size: 5959 bytes
(epstopdf)             Command: <repstopdf --outfile=hrf_MOTPW_variando_beta-ep
s-converted-to.pdf hrf_MOTPW_variando_beta.eps>
(epstopdf)             \includegraphics on input line 353.
Package epstopdf Info: Output file is already uptodate.


pdfTeX warning: /usr/bin/pdflatex (file ./hrf_MOTPW_variando_beta-eps-converted
-to.pdf): PDF inclusion: found PDF version <1.7>, but at most version <1.5> all
owed
<hrf_MOTPW_variando_beta-eps-converted-to.pdf, id=163, 491.8375pt x 491.8375pt>

File: hrf_MOTPW_variando_beta-eps-converted-to.pdf Graphic file (type pdf)
<use hrf_MOTPW_variando_beta-eps-converted-to.pdf>
Package pdftex.def Info: hrf_MOTPW_variando_beta-eps-converted-to.pdf  used on 
input line 353.
(pdftex.def)             Requested size: 99.58153pt x 156.49063pt.

Overfull \hbox (30.85484pt too wide) in paragraph at lines 348--354
 []  []  []  []  [] 
 []

Package epstopdf Info: Source file: <histograma_MOTPW.eps>
(epstopdf)                    date: 2021-04-02 11:03:53
(epstopdf)                    size: 8122 bytes
(epstopdf)             Output file: <histograma_MOTPW-eps-converted-to.pdf>
(epstopdf)                    date: 2021-04-17 17:57:00
(epstopdf)                    size: 4815 bytes
(epstopdf)             Command: <repstopdf --outfile=histograma_MOTPW-eps-conve
rted-to.pdf histograma_MOTPW.eps>
(epstopdf)             \includegraphics on input line 382.
Package epstopdf Info: Output file is already uptodate.


pdfTeX warning: /usr/bin/pdflatex (file ./histograma_MOTPW-eps-converted-to.pdf
): PDF inclusion: found PDF version <1.7>, but at most version <1.5> allowed
<histograma_MOTPW-eps-converted-to.pdf, id=166, 491.8375pt x 491.8375pt>
File: histograma_MOTPW-eps-converted-to.pdf Graphic file (type pdf)
<use histograma_MOTPW-eps-converted-to.pdf>
Package pdftex.def Info: histograma_MOTPW-eps-converted-to.pdf  used on input l
ine 382.
(pdftex.def)             Requested size: 156.49063pt x 156.49063pt.
Package epstopdf Info: Source file: <histograma_MOGBXII.eps>
(epstopdf)                    date: 2021-04-02 11:05:53
(epstopdf)                    size: 8234 bytes
(epstopdf)             Output file: <histograma_MOGBXII-eps-converted-to.pdf>
(epstopdf)                    date: 2021-04-17 17:57:01
(epstopdf)                    size: 4682 bytes
(epstopdf)             Command: <repstopdf --outfile=histograma_MOGBXII-eps-con
verted-to.pdf histograma_MOGBXII.eps>
(epstopdf)             \includegraphics on input line 383.
Package epstopdf Info: Output file is already uptodate.


pdfTeX warning: /usr/bin/pdflatex (file ./histograma_MOGBXII-eps-converted-to.p
df): PDF inclusion: found PDF version <1.7>, but at most version <1.5> allowed
<histograma_MOGBXII-eps-converted-to.pdf, id=167, 491.8375pt x 491.8375pt>
File: histograma_MOGBXII-eps-converted-to.pdf Graphic file (type pdf)
<use histograma_MOGBXII-eps-converted-to.pdf>
Package pdftex.def Info: histograma_MOGBXII-eps-converted-to.pdf  used on input
 line 383.
(pdftex.def)             Requested size: 156.49063pt x 156.49063pt.
[5pdfTeX warning (ext4): destination with the same identifier (name{figure.1}) 
has been already used, duplicate ignored
<argument> ...shipout:D \box_use:N \l_shipout_box 
                                                  
l.397 B
       y inserting (\ref{cdf_G}) in Equation (\ref{ucdfmax}) and letting $\b...
 <./fdp_MOTPW_variando_theta-eps-converted-to.pdf> <./fda_MOTPW_variando_theta-
eps-converted-to.pdf> <./fdp_MOTPW_variando_alpha-eps-converted-to.pdf> <./fda_
MOTPW_variando_alpha-eps-converted-to.pdf>]

Package amsmath Warning: Foreign command \atopwithdelims;
(amsmath)                \frac or \genfrac should be used instead
(amsmath)                 on input line 404.

[6pdfTeX warning (ext4): destination with the same identifier (name{figure.2}) 
has been already used, duplicate ignored
<argument> ...shipout:D \box_use:N \l_shipout_box 
                                                  
l.405 \end{equation}
                    pdfTeX warning (ext4): destination with the same identifier
 (name{figure.3}) has been already used, duplicate ignored
<argument> ...shipout:D \box_use:N \l_shipout_box 
                                                  
l.405 \end{equation}
                     <./fdp_MOGBXII_variando_theta-eps-converted-to.pdf> <./fda
_MOGBXII_variando_theta-eps-converted-to.pdf> <./fdp_MOGBXII_variando_alpha-eps
-converted-to.pdf> <./fda_MOGBXII_variando_alpha-eps-converted-to.pdf> <./hrf_M
OTPW_variando_theta_e_alpha-eps-converted-to.pdf> <./hrf_MOTPW_variando_theta-e
ps-converted-to.pdf> <./hrf_MOTPW_variando_alpha-eps-converted-to.pdf> <./hrf_M
OTPW_variando_lambda-eps-converted-to.pdf> <./hrf_MOTPW_variando_beta-eps-conve
rted-to.pdf>] [7pdfTeX warning (ext4): destination with the same identifier (na
me{figure.4}) has been already used, duplicate ignored
<argument> ...shipout:D \box_use:N \l_shipout_box 
                                                  
l.433 \end{eqnarray*}
                      <./histograma_MOTPW-eps-converted-to.pdf> <./histograma_M
OGBXII-eps-converted-to.pdf>] [8]
LaTeX Font Info:    Trying to load font information for OT1+pcr on input line 5
05.

(/usr/share/texmf-dist/tex/latex/psnfss/ot1pcr.fd
File: ot1pcr.fd 2001/06/04 font definitions for OT1/pcr.
)
LaTeX Font Info:    Font shape `OT1/pcr/m/it' in size <10.95> not available
(Font)              Font shape `OT1/pcr/m/sl' tried instead on input line 506.
 [9]
<numerical_evaluation.png, id=297, 578.16pt x 578.16pt>
File: numerical_evaluation.png Graphic file (type png)
<use numerical_evaluation.png>
Package pdftex.def Info: numerical_evaluation.png  used on input line 519.
(pdftex.def)             Requested size: 404.70924pt x 404.70924pt.
 [10pdfTeX warning (ext4): destination with the same identifier (name{figure.5}
) has been already used, duplicate ignored
<argument> ...shipout:D \box_use:N \l_shipout_box 
                                                  
l.529 T
       he $n$th ordinary moment of $T_s$ has the form <./numerical_evaluation.p
ng (PNG copy)>]
Overfull \hbox (1.51999pt too wide) in paragraph at lines 576--581
\OT1/ptm/m/n/12 not re-quire ini-tial val-ues. De-tails are avail-able at \OT1/
pcr/m/n/12 https://rdrr.io/cran/AdequacyModel/\OT1/ptm/m/n/12 . 
 []

[11] [12]
LaTeX Font Info:    Trying to load font information for TS1+ptm on input line 6
34.
 (/usr/share/texmf-dist/tex/latex/psnfss/ts1ptm.fd
File: ts1ptm.fd 2001/06/04 font definitions for TS1/ptm.
) [13pdfTeX warning (ext4): destination with the same identifier (name{table.1}
) has been already used, duplicate ignored
<argument> ...shipout:D \box_use:N \l_shipout_box 
                                                  
l.679 T
       he explanatory variables \textcolor{red}{$v_{1},\ldots,v_{n}$} are ge...
]
Package epstopdf Info: Source file: <n_100_theta_0_6_alpha_0_4.eps>
(epstopdf)                    date: 2020-04-14 23:36:10
(epstopdf)                    size: 1049936 bytes
(epstopdf)             Output file: <n_100_theta_0_6_alpha_0_4-eps-converted-to
.pdf>
(epstopdf)                    date: 2021-04-17 17:57:02
(epstopdf)                    size: 14078 bytes
(epstopdf)             Command: <repstopdf --outfile=n_100_theta_0_6_alpha_0_4-
eps-converted-to.pdf n_100_theta_0_6_alpha_0_4.eps>
(epstopdf)             \includegraphics on input line 774.
Package epstopdf Info: Output file is already uptodate.


pdfTeX warning: /usr/bin/pdflatex (file ./n_100_theta_0_6_alpha_0_4-eps-convert
ed-to.pdf): PDF inclusion: found PDF version <1.7>, but at most version <1.5> a
llowed
<n_100_theta_0_6_alpha_0_4-eps-converted-to.pdf, id=367, 416.55624pt x 415.5525
pt>
File: n_100_theta_0_6_alpha_0_4-eps-converted-to.pdf Graphic file (type pdf)
<use n_100_theta_0_6_alpha_0_4-eps-converted-to.pdf>
Package pdftex.def Info: n_100_theta_0_6_alpha_0_4-eps-converted-to.pdf  used o
n input line 774.
(pdftex.def)             Requested size: 142.26285pt x 142.26247pt.
Package epstopdf Info: Source file: <n_500_theta_0_6_alpha_0_4.eps>
(epstopdf)                    date: 2020-04-14 23:36:42
(epstopdf)                    size: 1049936 bytes
(epstopdf)             Output file: <n_500_theta_0_6_alpha_0_4-eps-converted-to
.pdf>
(epstopdf)                    date: 2021-04-17 17:57:04
(epstopdf)                    size: 13976 bytes
(epstopdf)             Command: <repstopdf --outfile=n_500_theta_0_6_alpha_0_4-
eps-converted-to.pdf n_500_theta_0_6_alpha_0_4.eps>
(epstopdf)             \includegraphics on input line 775.
Package epstopdf Info: Output file is already uptodate.


pdfTeX warning: /usr/bin/pdflatex (file ./n_500_theta_0_6_alpha_0_4-eps-convert
ed-to.pdf): PDF inclusion: found PDF version <1.7>, but at most version <1.5> a
llowed
<n_500_theta_0_6_alpha_0_4-eps-converted-to.pdf, id=368, 416.55624pt x 415.5525
pt>
File: n_500_theta_0_6_alpha_0_4-eps-converted-to.pdf Graphic file (type pdf)
<use n_500_theta_0_6_alpha_0_4-eps-converted-to.pdf>
Package pdftex.def Info: n_500_theta_0_6_alpha_0_4-eps-converted-to.pdf  used o
n input line 775.
(pdftex.def)             Requested size: 142.26285pt x 142.26247pt.
Package epstopdf Info: Source file: <n_1000_theta_0_6_alpha_0_4.eps>
(epstopdf)                    date: 2020-04-14 23:56:06
(epstopdf)                    size: 1049936 bytes
(epstopdf)             Output file: <n_1000_theta_0_6_alpha_0_4-eps-converted-t
o.pdf>
(epstopdf)                    date: 2021-04-17 17:57:05
(epstopdf)                    size: 13873 bytes
(epstopdf)             Command: <repstopdf --outfile=n_1000_theta_0_6_alpha_0_4
-eps-converted-to.pdf n_1000_theta_0_6_alpha_0_4.eps>
(epstopdf)             \includegraphics on input line 776.
Package epstopdf Info: Output file is already uptodate.


pdfTeX warning: /usr/bin/pdflatex (file ./n_1000_theta_0_6_alpha_0_4-eps-conver
ted-to.pdf): PDF inclusion: found PDF version <1.7>, but at most version <1.5> 
allowed
<n_1000_theta_0_6_alpha_0_4-eps-converted-to.pdf, id=369, 416.55624pt x 415.552
5pt>
File: n_1000_theta_0_6_alpha_0_4-eps-converted-to.pdf Graphic file (type pdf)
<use n_1000_theta_0_6_alpha_0_4-eps-converted-to.pdf>
Package pdftex.def Info: n_1000_theta_0_6_alpha_0_4-eps-converted-to.pdf  used 
on input line 776.
(pdftex.def)             Requested size: 142.26285pt x 142.26247pt.
Package epstopdf Info: Source file: <n_100_theta_0_6_alpha_1_4.eps>
(epstopdf)                    date: 2020-04-14 23:36:14
(epstopdf)                    size: 1049936 bytes
(epstopdf)             Output file: <n_100_theta_0_6_alpha_1_4-eps-converted-to
.pdf>
(epstopdf)                    date: 2021-04-17 17:57:07
(epstopdf)                    size: 14186 bytes
(epstopdf)             Command: <repstopdf --outfile=n_100_theta_0_6_alpha_1_4-
eps-converted-to.pdf n_100_theta_0_6_alpha_1_4.eps>
(epstopdf)             \includegraphics on input line 784.
Package epstopdf Info: Output file is already uptodate.


pdfTeX warning: /usr/bin/pdflatex (file ./n_100_theta_0_6_alpha_1_4-eps-convert
ed-to.pdf): PDF inclusion: found PDF version <1.7>, but at most version <1.5> a
llowed
<n_100_theta_0_6_alpha_1_4-eps-converted-to.pdf, id=370, 416.55624pt x 415.5525
pt>
File: n_100_theta_0_6_alpha_1_4-eps-converted-to.pdf Graphic file (type pdf)
<use n_100_theta_0_6_alpha_1_4-eps-converted-to.pdf>
Package pdftex.def Info: n_100_theta_0_6_alpha_1_4-eps-converted-to.pdf  used o
n input line 784.
(pdftex.def)             Requested size: 142.26285pt x 142.26247pt.
Package epstopdf Info: Source file: <n_500_theta_0_6_alpha_1_4.eps>
(epstopdf)                    date: 2020-04-14 23:37:00
(epstopdf)                    size: 1049936 bytes
(epstopdf)             Output file: <n_500_theta_0_6_alpha_1_4-eps-converted-to
.pdf>
(epstopdf)                    date: 2021-04-17 17:57:08
(epstopdf)                    size: 13991 bytes
(epstopdf)             Command: <repstopdf --outfile=n_500_theta_0_6_alpha_1_4-
eps-converted-to.pdf n_500_theta_0_6_alpha_1_4.eps>
(epstopdf)             \includegraphics on input line 785.
Package epstopdf Info: Output file is already uptodate.


pdfTeX warning: /usr/bin/pdflatex (file ./n_500_theta_0_6_alpha_1_4-eps-convert
ed-to.pdf): PDF inclusion: found PDF version <1.7>, but at most version <1.5> a
llowed
<n_500_theta_0_6_alpha_1_4-eps-converted-to.pdf, id=371, 416.55624pt x 415.5525
pt>
File: n_500_theta_0_6_alpha_1_4-eps-converted-to.pdf Graphic file (type pdf)
<use n_500_theta_0_6_alpha_1_4-eps-converted-to.pdf>
Package pdftex.def Info: n_500_theta_0_6_alpha_1_4-eps-converted-to.pdf  used o
n input line 785.
(pdftex.def)             Requested size: 142.26285pt x 142.26247pt.
Package epstopdf Info: Source file: <n_1000_theta_0_6_alpha_1_4.eps>
(epstopdf)                    date: 2020-04-14 23:56:30
(epstopdf)                    size: 1049936 bytes
(epstopdf)             Output file: <n_1000_theta_0_6_alpha_1_4-eps-converted-t
o.pdf>
(epstopdf)                    date: 2021-04-17 17:57:09
(epstopdf)                    size: 13894 bytes
(epstopdf)             Command: <repstopdf --outfile=n_1000_theta_0_6_alpha_1_4
-eps-converted-to.pdf n_1000_theta_0_6_alpha_1_4.eps>
(epstopdf)             \includegraphics on input line 786.
Package epstopdf Info: Output file is already uptodate.


pdfTeX warning: /usr/bin/pdflatex (file ./n_1000_theta_0_6_alpha_1_4-eps-conver
ted-to.pdf): PDF inclusion: found PDF version <1.7>, but at most version <1.5> 
allowed
<n_1000_theta_0_6_alpha_1_4-eps-converted-to.pdf, id=372, 416.55624pt x 415.552
5pt>
File: n_1000_theta_0_6_alpha_1_4-eps-converted-to.pdf Graphic file (type pdf)
<use n_1000_theta_0_6_alpha_1_4-eps-converted-to.pdf>
Package pdftex.def Info: n_1000_theta_0_6_alpha_1_4-eps-converted-to.pdf  used 
on input line 786.
(pdftex.def)             Requested size: 142.26285pt x 142.26247pt.
Package epstopdf Info: Source file: <n_100_theta_1_7_alpha_0_4.eps>
(epstopdf)                    date: 2020-04-14 23:36:20
(epstopdf)                    size: 1049936 bytes
(epstopdf)             Output file: <n_100_theta_1_7_alpha_0_4-eps-converted-to
.pdf>
(epstopdf)                    date: 2021-04-17 17:57:11
(epstopdf)                    size: 14019 bytes
(epstopdf)             Command: <repstopdf --outfile=n_100_theta_1_7_alpha_0_4-
eps-converted-to.pdf n_100_theta_1_7_alpha_0_4.eps>
(epstopdf)             \includegraphics on input line 795.
Package epstopdf Info: Output file is already uptodate.


pdfTeX warning: /usr/bin/pdflatex (file ./n_100_theta_1_7_alpha_0_4-eps-convert
ed-to.pdf): PDF inclusion: found PDF version <1.7>, but at most version <1.5> a
llowed
<n_100_theta_1_7_alpha_0_4-eps-converted-to.pdf, id=373, 416.55624pt x 415.5525
pt>
File: n_100_theta_1_7_alpha_0_4-eps-converted-to.pdf Graphic file (type pdf)
<use n_100_theta_1_7_alpha_0_4-eps-converted-to.pdf>
Package pdftex.def Info: n_100_theta_1_7_alpha_0_4-eps-converted-to.pdf  used o
n input line 795.
(pdftex.def)             Requested size: 142.26285pt x 142.26247pt.
Package epstopdf Info: Source file: <n_500_theta_1_7_alpha_0_4.eps>
(epstopdf)                    date: 2020-04-14 23:55:28
(epstopdf)                    size: 1049936 bytes
(epstopdf)             Output file: <n_500_theta_1_7_alpha_0_4-eps-converted-to
.pdf>
(epstopdf)                    date: 2021-04-17 17:57:12
(epstopdf)                    size: 14004 bytes
(epstopdf)             Command: <repstopdf --outfile=n_500_theta_1_7_alpha_0_4-
eps-converted-to.pdf n_500_theta_1_7_alpha_0_4.eps>
(epstopdf)             \includegraphics on input line 796.
Package epstopdf Info: Output file is already uptodate.


pdfTeX warning: /usr/bin/pdflatex (file ./n_500_theta_1_7_alpha_0_4-eps-convert
ed-to.pdf): PDF inclusion: found PDF version <1.7>, but at most version <1.5> a
llowed
<n_500_theta_1_7_alpha_0_4-eps-converted-to.pdf, id=374, 416.55624pt x 415.5525
pt>
File: n_500_theta_1_7_alpha_0_4-eps-converted-to.pdf Graphic file (type pdf)
<use n_500_theta_1_7_alpha_0_4-eps-converted-to.pdf>
Package pdftex.def Info: n_500_theta_1_7_alpha_0_4-eps-converted-to.pdf  used o
n input line 796.
(pdftex.def)             Requested size: 142.26285pt x 142.26247pt.
Package epstopdf Info: Source file: <n_1000_theta_1_7_alpha_0_4.eps>
(epstopdf)                    date: 2020-04-14 23:55:48
(epstopdf)                    size: 1049936 bytes
(epstopdf)             Output file: <n_1000_theta_1_7_alpha_0_4-eps-converted-t
o.pdf>
(epstopdf)                    date: 2021-04-17 17:57:14
(epstopdf)                    size: 13929 bytes
(epstopdf)             Command: <repstopdf --outfile=n_1000_theta_1_7_alpha_0_4
-eps-converted-to.pdf n_1000_theta_1_7_alpha_0_4.eps>
(epstopdf)             \includegraphics on input line 797.
Package epstopdf Info: Output file is already uptodate.


pdfTeX warning: /usr/bin/pdflatex (file ./n_1000_theta_1_7_alpha_0_4-eps-conver
ted-to.pdf): PDF inclusion: found PDF version <1.7>, but at most version <1.5> 
allowed
<n_1000_theta_1_7_alpha_0_4-eps-converted-to.pdf, id=375, 416.55624pt x 415.552
5pt>
File: n_1000_theta_1_7_alpha_0_4-eps-converted-to.pdf Graphic file (type pdf)
<use n_1000_theta_1_7_alpha_0_4-eps-converted-to.pdf>
Package pdftex.def Info: n_1000_theta_1_7_alpha_0_4-eps-converted-to.pdf  used 
on input line 797.
(pdftex.def)             Requested size: 142.26285pt x 142.26247pt.
Package epstopdf Info: Source file: <n_100_theta_1_7_alpha_1_4.eps>
(epstopdf)                    date: 2020-04-14 23:36:24
(epstopdf)                    size: 1049936 bytes
(epstopdf)             Output file: <n_100_theta_1_7_alpha_1_4-eps-converted-to
.pdf>
(epstopdf)                    date: 2021-04-17 17:57:15
(epstopdf)                    size: 14279 bytes
(epstopdf)             Command: <repstopdf --outfile=n_100_theta_1_7_alpha_1_4-
eps-converted-to.pdf n_100_theta_1_7_alpha_1_4.eps>
(epstopdf)             \includegraphics on input line 804.
Package epstopdf Info: Output file is already uptodate.


pdfTeX warning: /usr/bin/pdflatex (file ./n_100_theta_1_7_alpha_1_4-eps-convert
ed-to.pdf): PDF inclusion: found PDF version <1.7>, but at most version <1.5> a
llowed
<n_100_theta_1_7_alpha_1_4-eps-converted-to.pdf, id=376, 416.55624pt x 415.5525
pt>
File: n_100_theta_1_7_alpha_1_4-eps-converted-to.pdf Graphic file (type pdf)
<use n_100_theta_1_7_alpha_1_4-eps-converted-to.pdf>
Package pdftex.def Info: n_100_theta_1_7_alpha_1_4-eps-converted-to.pdf  used o
n input line 804.
(pdftex.def)             Requested size: 142.26285pt x 142.26247pt.
Package epstopdf Info: Source file: <n_500_theta_1_7_alpha_1_4.eps>
(epstopdf)                    date: 2020-04-14 23:55:02
(epstopdf)                    size: 1049936 bytes
(epstopdf)             Output file: <n_500_theta_1_7_alpha_1_4-eps-converted-to
.pdf>
(epstopdf)                    date: 2021-04-17 17:57:16
(epstopdf)                    size: 14054 bytes
(epstopdf)             Command: <repstopdf --outfile=n_500_theta_1_7_alpha_1_4-
eps-converted-to.pdf n_500_theta_1_7_alpha_1_4.eps>
(epstopdf)             \includegraphics on input line 805.
Package epstopdf Info: Output file is already uptodate.


pdfTeX warning: /usr/bin/pdflatex (file ./n_500_theta_1_7_alpha_1_4-eps-convert
ed-to.pdf): PDF inclusion: found PDF version <1.7>, but at most version <1.5> a
llowed
<n_500_theta_1_7_alpha_1_4-eps-converted-to.pdf, id=377, 416.55624pt x 415.5525
pt>
File: n_500_theta_1_7_alpha_1_4-eps-converted-to.pdf Graphic file (type pdf)
<use n_500_theta_1_7_alpha_1_4-eps-converted-to.pdf>
Package pdftex.def Info: n_500_theta_1_7_alpha_1_4-eps-converted-to.pdf  used o
n input line 805.
(pdftex.def)             Requested size: 142.26285pt x 142.26247pt.
Package epstopdf Info: Source file: <n_1000_theta_1_7_alpha_1_4.eps>
(epstopdf)                    date: 2020-04-14 23:55:10
(epstopdf)                    size: 1049936 bytes
(epstopdf)             Output file: <n_1000_theta_1_7_alpha_1_4-eps-converted-t
o.pdf>
(epstopdf)                    date: 2021-04-17 17:57:18
(epstopdf)                    size: 13925 bytes
(epstopdf)             Command: <repstopdf --outfile=n_1000_theta_1_7_alpha_1_4
-eps-converted-to.pdf n_1000_theta_1_7_alpha_1_4.eps>
(epstopdf)             \includegraphics on input line 806.
Package epstopdf Info: Output file is already uptodate.


pdfTeX warning: /usr/bin/pdflatex (file ./n_1000_theta_1_7_alpha_1_4-eps-conver
ted-to.pdf): PDF inclusion: found PDF version <1.7>, but at most version <1.5> 
allowed
<n_1000_theta_1_7_alpha_1_4-eps-converted-to.pdf, id=378, 416.55624pt x 415.552
5pt>
File: n_1000_theta_1_7_alpha_1_4-eps-converted-to.pdf Graphic file (type pdf)
<use n_1000_theta_1_7_alpha_1_4-eps-converted-to.pdf>
Package pdftex.def Info: n_1000_theta_1_7_alpha_1_4-eps-converted-to.pdf  used 
on input line 806.
(pdftex.def)             Requested size: 142.26285pt x 142.26247pt.
[14pdfTeX warning (ext4): destination with the same identifier (name{figure.6})
 has been already used, duplicate ignored
<argument> ...shipout:D \box_use:N \l_shipout_box 
                                                  
l.819 \end{eqnarray*}
                      <./n_100_theta_0_6_alpha_0_4-eps-converted-to.pdf> <./n_5
00_theta_0_6_alpha_0_4-eps-converted-to.pdf> <./n_1000_theta_0_6_alpha_0_4-eps-
converted-to.pdf>] [15pdfTeX warning (ext4): destination with the same identifi
er (name{table.2}) has been already used, duplicate ignored
<argument> ...shipout:D \box_use:N \l_shipout_box 
                                                  
l.819 \end{eqnarray*}
                     ] [16pdfTeX warning (ext4): destination with the same iden
tifier (name{figure.7}) has been already used, duplicate ignored
<argument> ...shipout:D \box_use:N \l_shipout_box 
                                                  
l.819 \end{eqnarray*}
                     pdfTeX warning (ext4): destination with the same identifie
r (name{figure.8}) has been already used, duplicate ignored
<argument> ...shipout:D \box_use:N \l_shipout_box 
                                                  
l.819 \end{eqnarray*}
                     pdfTeX warning (ext4): destination with the same identifie
r (name{figure.9}) has been already used, duplicate ignored
<argument> ...shipout:D \box_use:N \l_shipout_box 
                                                  
l.819 \end{eqnarray*}
                      <./n_100_theta_0_6_alpha_1_4-eps-converted-to.pdf> <./n_5
00_theta_0_6_alpha_1_4-eps-converted-to.pdf> <./n_1000_theta_0_6_alpha_1_4-eps-
converted-to.pdf> <./n_100_theta_1_7_alpha_0_4-eps-converted-to.pdf> <./n_500_t
heta_1_7_alpha_0_4-eps-converted-to.pdf> <./n_1000_theta_1_7_alpha_0_4-eps-conv
erted-to.pdf> <./n_100_theta_1_7_alpha_1_4-eps-converted-to.pdf> <./n_500_theta
_1_7_alpha_1_4-eps-converted-to.pdf> <./n_1000_theta_1_7_alpha_1_4-eps-converte
d-to.pdf>]
Package epstopdf Info: Source file: <Ajuste_marginal_dens_estimada.eps>
(epstopdf)                    date: 2021-04-02 11:54:30
(epstopdf)                    size: 5575 bytes
(epstopdf)             Output file: <Ajuste_marginal_dens_estimada-eps-converte
d-to.pdf>
(epstopdf)                    date: 2021-04-17 17:57:18
(epstopdf)                    size: 3780 bytes
(epstopdf)             Command: <repstopdf --outfile=Ajuste_marginal_dens_estim
ada-eps-converted-to.pdf Ajuste_marginal_dens_estimada.eps>
(epstopdf)             \includegraphics on input line 893.
Package epstopdf Info: Output file is already uptodate.


pdfTeX warning: /usr/bin/pdflatex (file ./Ajuste_marginal_dens_estimada-eps-con
verted-to.pdf): PDF inclusion: found PDF version <1.7>, but at most version <1.
5> allowed
<Ajuste_marginal_dens_estimada-eps-converted-to.pdf, id=445, 491.8375pt x 491.8
375pt>
File: Ajuste_marginal_dens_estimada-eps-converted-to.pdf Graphic file (type pdf
)
<use Ajuste_marginal_dens_estimada-eps-converted-to.pdf>
Package pdftex.def Info: Ajuste_marginal_dens_estimada-eps-converted-to.pdf  us
ed on input line 893.
(pdftex.def)             Requested size: 156.49063pt x 156.49063pt.
Package epstopdf Info: Source file: <Ajuste_marginal_acum_estimada.eps>
(epstopdf)                    date: 2021-04-02 11:48:30
(epstopdf)                    size: 19368 bytes
(epstopdf)             Output file: <Ajuste_marginal_acum_estimada-eps-converte
d-to.pdf>
(epstopdf)                    date: 2021-04-17 17:57:19
(epstopdf)                    size: 20998 bytes
(epstopdf)             Command: <repstopdf --outfile=Ajuste_marginal_acum_estim
ada-eps-converted-to.pdf Ajuste_marginal_acum_estimada.eps>
(epstopdf)             \includegraphics on input line 894.
Package epstopdf Info: Output file is already uptodate.


pdfTeX warning: /usr/bin/pdflatex (file ./Ajuste_marginal_acum_estimada-eps-con
verted-to.pdf): PDF inclusion: found PDF version <1.7>, but at most version <1.
5> allowed
<Ajuste_marginal_acum_estimada-eps-converted-to.pdf, id=446, 491.8375pt x 491.8
375pt>
File: Ajuste_marginal_acum_estimada-eps-converted-to.pdf Graphic file (type pdf
)
<use Ajuste_marginal_acum_estimada-eps-converted-to.pdf>
Package pdftex.def Info: Ajuste_marginal_acum_estimada-eps-converted-to.pdf  us
ed on input line 894.
(pdftex.def)             Requested size: 156.49063pt x 156.49063pt.
[17pdfTeX warning (ext4): destination with the same identifier (name{table.3}) 
has been already used, duplicate ignored
<argument> ...shipout:D \box_use:N \l_shipout_box 
                                                  
l.912 ...{22}d_{i2}\right),\quad i=1,\ldots,145.$$
                                                  ]
Package epstopdf Info: Source file: <Res_quantilico_vs_indices.eps>
(epstopdf)                    date: 2021-04-02 12:48:13
(epstopdf)                    size: 8001 bytes
(epstopdf)             Output file: <Res_quantilico_vs_indices-eps-converted-to
.pdf>
(epstopdf)                    date: 2021-04-17 17:57:20
(epstopdf)                    size: 11346 bytes
(epstopdf)             Command: <repstopdf --outfile=Res_quantilico_vs_indices-
eps-converted-to.pdf Res_quantilico_vs_indices.eps>
(epstopdf)             \includegraphics on input line 970.
Package epstopdf Info: Output file is already uptodate.


pdfTeX warning: /usr/bin/pdflatex (file ./Res_quantilico_vs_indices-eps-convert
ed-to.pdf): PDF inclusion: found PDF version <1.7>, but at most version <1.5> a
llowed
<Res_quantilico_vs_indices-eps-converted-to.pdf, id=466, 491.8375pt x 491.8375p
t>
File: Res_quantilico_vs_indices-eps-converted-to.pdf Graphic file (type pdf)
<use Res_quantilico_vs_indices-eps-converted-to.pdf>
Package pdftex.def Info: Res_quantilico_vs_indices-eps-converted-to.pdf  used o
n input line 970.
(pdftex.def)             Requested size: 142.26147pt x 142.26147pt.
Package epstopdf Info: Source file: <wormplot.eps>
(epstopdf)                    date: 2021-04-02 12:47:34
(epstopdf)                    size: 14984 bytes
(epstopdf)             Output file: <wormplot-eps-converted-to.pdf>
(epstopdf)                    date: 2021-04-17 17:57:21
(epstopdf)                    size: 15256 bytes
(epstopdf)             Command: <repstopdf --outfile=wormplot-eps-converted-to.
pdf wormplot.eps>
(epstopdf)             \includegraphics on input line 971.
Package epstopdf Info: Output file is already uptodate.


pdfTeX warning: /usr/bin/pdflatex (file ./wormplot-eps-converted-to.pdf): PDF i
nclusion: found PDF version <1.7>, but at most version <1.5> allowed
<wormplot-eps-converted-to.pdf, id=467, 491.8375pt x 491.8375pt>
File: wormplot-eps-converted-to.pdf Graphic file (type pdf)
<use wormplot-eps-converted-to.pdf>
Package pdftex.def Info: wormplot-eps-converted-to.pdf  used on input line 971.

(pdftex.def)             Requested size: 142.26147pt x 142.26147pt.
Package epstopdf Info: Source file: <qqnorm.eps>
(epstopdf)                    date: 2021-04-02 12:46:35
(epstopdf)                    size: 7777 bytes
(epstopdf)             Output file: <qqnorm-eps-converted-to.pdf>
(epstopdf)                    date: 2021-04-17 17:57:22
(epstopdf)                    size: 12508 bytes
(epstopdf)             Command: <repstopdf --outfile=qqnorm-eps-converted-to.pd
f qqnorm.eps>
(epstopdf)             \includegraphics on input line 972.
Package epstopdf Info: Output file is already uptodate.


pdfTeX warning: /usr/bin/pdflatex (file ./qqnorm-eps-converted-to.pdf): PDF inc
lusion: found PDF version <1.7>, but at most version <1.5> allowed
<qqnorm-eps-converted-to.pdf, id=468, 491.8375pt x 491.8375pt>
File: qqnorm-eps-converted-to.pdf Graphic file (type pdf)
<use qqnorm-eps-converted-to.pdf>
Package pdftex.def Info: qqnorm-eps-converted-to.pdf  used on input line 972.
(pdftex.def)             Requested size: 142.26147pt x 142.26147pt.
Package epstopdf Info: Source file: <diferenca.eps>
(epstopdf)                    date: 2021-04-02 12:49:10
(epstopdf)                    size: 13953 bytes
(epstopdf)             Output file: <diferenca-eps-converted-to.pdf>
(epstopdf)                    date: 2021-04-17 17:57:23
(epstopdf)                    size: 11123 bytes
(epstopdf)             Command: <repstopdf --outfile=diferenca-eps-converted-to
.pdf diferenca.eps>
(epstopdf)             \includegraphics on input line 981.
Package epstopdf Info: Output file is already uptodate.


pdfTeX warning: /usr/bin/pdflatex (file ./diferenca-eps-converted-to.pdf): PDF 
inclusion: found PDF version <1.7>, but at most version <1.5> allowed
<diferenca-eps-converted-to.pdf, id=470, 491.8375pt x 491.8375pt>
File: diferenca-eps-converted-to.pdf Graphic file (type pdf)
<use diferenca-eps-converted-to.pdf>
Package pdftex.def Info: diferenca-eps-converted-to.pdf  used on input line 981
.
(pdftex.def)             Requested size: 156.49063pt x 156.49063pt.
[18pdfTeX warning (ext4): destination with the same identifier (name{figure.10}
) has been already used, duplicate ignored
<argument> ...shipout:D \box_use:N \l_shipout_box 
                                                  
l.996 
      pdfTeX warning (ext4): destination with the same identifier (name{table.4
}) has been already used, duplicate ignored
<argument> ...shipout:D \box_use:N \l_shipout_box 
                                                  
l.996 
       <./Ajuste_marginal_dens_estimada-eps-converted-to.pdf> <./Ajuste_margina
l_acum_estimada-eps-converted-to.pdf>] [19pdfTeX warning (ext4): destination wi
th the same identifier (name{table.5}) has been already used, duplicate ignored

<argument> ...shipout:D \box_use:N \l_shipout_box 
                                                  
l.996 
      pdfTeX warning (ext4): destination with the same identifier (name{figure.
11}) has been already used, duplicate ignored
<argument> ...shipout:D \box_use:N \l_shipout_box 
                                                  
l.996 
      pdfTeX warning (ext4): destination with the same identifier (name{figure.
12}) has been already used, duplicate ignored
<argument> ...shipout:D \box_use:N \l_shipout_box 
                                                  
l.996 
       <./Res_quantilico_vs_indices-eps-converted-to.pdf> <./wormplot-eps-conve
rted-to.pdf> <./qqnorm-eps-converted-to.pdf> <./diferenca-eps-converted-to.pdf>
] [20] (./MOPS_April_18_2021.aux)
Package rerunfilecheck Info: File `MOPS_April_18_2021.out' has not changed.
(rerunfilecheck)             Checksum: BBC79E3C375C00097CCBAF3EBDF79C57;871.
 )
(\end occurred inside a group at level 1)

### simple group (level 1) entered at line 1004 ({)
### bottom level 
Here is how much of TeX's memory you used:
 9712 strings out of 479383
 141550 string characters out of 5875830
 659165 words of memory out of 5000000
 26505 multiletter control sequences out of 15000+600000
 438367 words of font info for 113 fonts, out of 8000000 for 9000
 1144 hyphenation exceptions out of 8191
 66i,11n,72p,778b,1254s stack positions out of 5000i,500n,10000p,200000b,80000s
{/usr/share/texmf-dist/fonts/enc/dvips/base/8r.enc}</usr/share/
texmf-dist/fonts/type1/public/amsfonts/cm/cmbx12.pfb></usr/share/texmf-dist/fon
ts/type1/public/amsfonts/cm/cmex10.pfb></usr/share/texmf-dist/fonts/type1/publi
c/amsfonts/cm/cmmi10.pfb></usr/share/texmf-dist/fonts/type1/public/amsfonts/cm/
cmmi12.pfb></usr/share/texmf-dist/fonts/type1/public/amsfonts/cm/cmmi6.pfb></us
r/share/texmf-dist/fonts/type1/public/amsfonts/cm/cmmi8.pfb></usr/share/texmf-d
ist/fonts/type1/public/amsfonts/cm/cmmib10.pfb></usr/share/texmf-dist/fonts/typ
e1/public/amsfonts/cmextra/cmmib8.pfb></usr/share/texmf-dist/fonts/type1/public
/amsfonts/cm/cmr10.pfb></usr/share/texmf-dist/fonts/type1/public/amsfonts/cm/cm
r12.pfb></usr/share/texmf-dist/fonts/type1/public/amsfonts/cm/cmr6.pfb></usr/sh
are/texmf-dist/fonts/type1/public/amsfonts/cm/cmr8.pfb></usr/share/texmf-dist/f
onts/type1/public/amsfonts/cm/cmsy10.pfb></usr/share/texmf-dist/fonts/type1/pub
lic/amsfonts/cm/cmsy8.pfb></usr/share/texmf-dist/fonts/type1/public/amsfonts/sy
mbols/msbm10.pfb></usr/share/texmf-dist/fonts/type1/urw/courier/ucrr8a.pfb></us
r/share/texmf-dist/fonts/type1/urw/courier/ucrro8a.pfb></usr/share/texmf-dist/f
onts/type1/urw/times/utmb8a.pfb></usr/share/texmf-dist/fonts/type1/urw/times/ut
mr8a.pfb></usr/share/texmf-dist/fonts/type1/urw/times/utmri8a.pfb>
Output written on MOPS_April_18_2021.pdf (20 pages, 826510 bytes).
PDF statistics:
 603 PDF objects out of 1000 (max. 8388607)
 508 compressed objects within 6 object streams
 100 named destinations out of 1000 (max. 500000)
 291 words of extra memory for PDF output out of 10000 (max. 10000000)

